<?xml version="1.0" encoding="UTF-8"?>
<testng-results ignored="0" total="1" passed="1" failed="0" skipped="0">
  <reporter-output>
  </reporter-output>
  <suite started-at="2024-07-23T12:04:43 IST" name="Default suite" finished-at="2024-07-23T12:04:45 IST" duration-ms="2686">
    <groups>
    </groups>
    <test started-at="2024-07-23T12:04:43 IST" name="Default test" finished-at="2024-07-23T12:04:45 IST" duration-ms="2686">
      <class name="RESTAssured.Test1.Postdemo">
        <test-method signature="checkpost()[pri:0, instance:RESTAssured.Test1.Postdemo@201a4587]" started-at="2024-07-23T12:04:43 IST" name="checkpost" finished-at="2024-07-23T12:04:45 IST" duration-ms="2620" status="PASS">
          <reporter-output>
          </reporter-output>
        </test-method> <!-- checkpost -->
      </class> <!-- RESTAssured.Test1.Postdemo -->
    </test> <!-- Default test -->
  </suite> <!-- Default suite -->
</testng-results>
