<?xml version="1.0" encoding="UTF-8"?>
<testng-results ignored="0" total="1" passed="1" failed="0" skipped="0">
  <reporter-output>
  </reporter-output>
  <suite started-at="2025-08-08T18:54:34 IST" name="Surefire suite" finished-at="2025-08-08T18:54:34 IST" duration-ms="73">
    <groups>
    </groups>
    <test started-at="2025-08-08T18:54:34 IST" name="Surefire test" finished-at="2025-08-08T18:54:34 IST" duration-ms="73">
      <class name="Demo.NewTest">
        <test-method signature="f()[pri:0, instance:Demo.NewTest@1cbb87f3]" started-at="2025-08-08T18:54:34 IST" name="f" finished-at="2025-08-08T18:54:34 IST" duration-ms="6" status="PASS">
          <reporter-output>
          </reporter-output>
        </test-method> <!-- f -->
      </class> <!-- Demo.NewTest -->
    </test> <!-- Surefire test -->
  </suite> <!-- Surefire suite -->
</testng-results>
