<?xml version="1.0" encoding="UTF-8"?>
<testng-results ignored="0" total="1" passed="1" failed="0" skipped="0">
  <reporter-output>
  </reporter-output>
  <suite started-at="2025-08-13T18:11:11 IST" name="Default suite" finished-at="2025-08-13T18:11:14 IST" duration-ms="3108">
    <groups>
    </groups>
    <test started-at="2025-08-13T18:11:11 IST" name="Default test" finished-at="2025-08-13T18:11:14 IST" duration-ms="3108">
      <class name="Demo.Deleterequest">
        <test-method signature="test1()[pri:0, instance:Demo.Deleterequest@5d0a1059]" started-at="2025-08-13T18:11:11 IST" name="test1" finished-at="2025-08-13T18:11:14 IST" duration-ms="3061" status="PASS">
          <reporter-output>
          </reporter-output>
        </test-method> <!-- test1 -->
      </class> <!-- Demo.Deleterequest -->
    </test> <!-- Default test -->
  </suite> <!-- Default suite -->
</testng-results>
