<?xml version="1.0" encoding="UTF-8"?>
<testng-results ignored="1" total="2" passed="1" failed="0" skipped="0">
  <reporter-output>
  </reporter-output>
  <suite started-at="2025-08-09T20:30:03 IST" name="Default suite" finished-at="2025-08-09T20:30:07 IST" duration-ms="3760">
    <groups>
    </groups>
    <test started-at="2025-08-09T20:30:03 IST" name="Default test" finished-at="2025-08-09T20:30:07 IST" duration-ms="3760">
      <class name="Demo.Postrequest">
        <test-method signature="test2()[pri:0, instance:Demo.Postrequest@6404f418]" started-at="2025-08-09T20:30:03 IST" name="test2" finished-at="2025-08-09T20:30:07 IST" duration-ms="3716" status="PASS">
          <reporter-output>
          </reporter-output>
        </test-method> <!-- test2 -->
      </class> <!-- Demo.Postrequest -->
    </test> <!-- Default test -->
  </suite> <!-- Default suite -->
</testng-results>
