<?xml version="1.0" encoding="UTF-8"?>
<testng-results ignored="0" total="1" passed="1" failed="0" skipped="0">
  <reporter-output>
  </reporter-output>
  <suite started-at="2024-08-02T10:00:06 IST" name="Suite" finished-at="2024-08-02T10:00:09 IST" duration-ms="3539">
    <groups>
    </groups>
    <test started-at="2024-08-02T10:00:06 IST" name="Test" finished-at="2024-08-02T10:00:09 IST" duration-ms="3539">
      <class name="Testsuites.Firsttest">
        <test-method is-config="true" signature="setup()[pri:0, instance:Testsuites.Firsttest@6253c26]" started-at="2024-08-02T10:00:06 IST" name="setup" finished-at="2024-08-02T10:00:08 IST" duration-ms="2664" status="PASS">
          <reporter-output>
          </reporter-output>
        </test-method> <!-- setup -->
        <test-method signature="navigatetosite()[pri:0, instance:Testsuites.Firsttest@6253c26]" started-at="2024-08-02T10:00:08 IST" name="navigatetosite" finished-at="2024-08-02T10:00:09 IST" duration-ms="808" status="PASS">
          <reporter-output>
          </reporter-output>
        </test-method> <!-- navigatetosite -->
      </class> <!-- Testsuites.Firsttest -->
    </test> <!-- Test -->
  </suite> <!-- Suite -->
</testng-results>
