<?xml version="1.0" encoding="UTF-8"?>
<!-- Generated by org.testng.reporters.JUnitXMLReporter -->
<testsuite ignored="1" hostname="DESKTOP-03NACK4" failures="0" tests="1" name="Default test" time="2.686" errors="0" timestamp="2024-07-23T12:04:45 IST">
  <testcase classname="RESTAssured.Test1.Postdemo" name="checkpost" time="2.62"/>
  <testcase classname="RESTAssured.Test1.Postdemo" name="checkget" time="0.0">
    <ignored/>
  </testcase> <!-- checkget -->
</testsuite> <!-- Default test -->
